No duplicate rows were found for removal
No null or missing values were found inside dataset.
Dataset sorted chronologically by Athlete_ID and Timestamp.
Sampling rate check:
  Median interval: 0.10 s (10.00 Hz)
  Mean interval:   0.10 s (10.00 Hz)
  Interval std:    0.00 s
  Most common intervals (s):
    0.10: 1495
Sampling-rate decision:
  The sampling rate is already relatively low, so we avoid removing additional points.
  Event transitions are important, and aggressive filtering could remove useful transition dynamics.
Windowing setup:
  Window size: 1.0 second
  Step size:   0.5 second (50% overlap)
Class distribution (Event_Label):
  start_run: 281 (18.73%)
  stop: 257 (17.13%)
  jump_takeoff: 246 (16.40%)
  sprint_mid: 245 (16.33%)
  accel: 241 (16.07%)
  landing: 230 (15.33%)
Dataset appears reasonably balanced (max/min class ratio = 1.22).
Observed ranges for numerical columns:
  Heart_Rate: range = [80.00, 179.00]
  Acc_X: range = [-3.00, 3.00]
  Acc_Y: range = [-2.99, 3.00]
  Acc_Z: range = [-3.00, 3.00]
  Gyro_X: range = [-179.94, 179.89]
  Gyro_Y: range = [-180.00, 179.80]
  Gyro_Z: range = [-179.89, 179.88]
Simple threshold check:
No rows were outside the defined thresholds of data.
Segmentation complete: 290 windows saved to ../out/segmented_windows.csv
Saved preprocessing log to ../out/preprocessing_artifact.log
